


ARM Macro Assembler    Page 1 


    1 00000000                 AREA             |.text|, CODE, READONLY
    2 00000000                 EXPORT           _Delay_us
    3 00000000         _Delay_us
                               proc
    4 00000000         ;ldr r1,=0x01
    5 00000000         ;ldr r2,=0x01
    6 00000000 0080            movs             r0, r0, lsl #2
    7 00000002         while
    8 00000002 BF00            nop
    9 00000004 BF00            nop
   10 00000006 BF00            nop
   11 00000008 BF00            nop
   12 0000000A BF00            nop
   13 0000000C BF00            nop
   14 0000000E BF00            nop
   15 00000010 BF00            nop
   16 00000012         
   17 00000012 1E40            subs             r0, r0, #1
   18 00000014         ;add r1,r2
   19 00000014         ;cmp r1,r0
   20 00000014 D1F5            bne              while
   21 00000016 46F7            mov              PC, LR
   22 00000018                 endp
   23 00000018                 end
Command Line: --debug --xref --diag_suppress=9931 --cpu=Cortex-M0 --apcs=interw
ork --depend=.\build\delay_asm.d -o.\build\delay_asm.o -IC:\Users\Judchin\AppDa
ta\Local\Arm\Packs\Keil\STM32F0xx_DFP\2.1.1\Drivers\CMSIS\Device\ST\STM32F0xx\I
nclude -IC:\Users\Judchin\AppData\Local\Arm\Packs\Keil\STM32F0xx_DFP\2.1.1\Devi
ce\Include --predefine="__EVAL SETA 1" --predefine="__MICROLIB SETA 1" --predef
ine="__UVISION_VERSION SETA 536" --predefine="STM32F030x6 SETA 1" --list=.\buil
d\delay_asm.lst source\delay_asm.s



ARM Macro Assembler    Page 1 Alphabetic symbol ordering
Relocatable symbols

.text 00000000

Symbol: .text
   Definitions
      At line 1 in file source\delay_asm.s
   Uses
      None
Comment: .text unused
_Delay_us 00000000

Symbol: _Delay_us
   Definitions
      At line 3 in file source\delay_asm.s
   Uses
      At line 2 in file source\delay_asm.s
Comment: _Delay_us used once
while 00000002

Symbol: while
   Definitions
      At line 7 in file source\delay_asm.s
   Uses
      At line 20 in file source\delay_asm.s
Comment: while used once
3 symbols
337 symbols in table
